<?xml version="1.0" encoding="UTF-8"?>
<!-- Generated by org.testng.reporters.JUnitReportReporter -->
<testsuite hostname="ubuntu-HP-250-G7-Notebook-PC" failures="0" tests="9" name="com.employeeapi.TestCases.TC001_GetAllEmployees" time="0.022" errors="0" timestamp="2020-01-14T14:55:10 IST" skipped="0">
  <testcase classname="com.employeeapi.TestCases.TC001_GetAllEmployees" name="checkServerType" time="0.002"/>
  <testcase classname="com.employeeapi.TestCases.TC001_GetAllEmployees" name="checkStatusLine" time="0.001"/>
  <testcase classname="com.employeeapi.TestCases.TC001_GetAllEmployees" name="checkResponseBody" time="0.002"/>
  <testcase classname="com.employeeapi.TestCases.TC001_GetAllEmployees" name="checkContentLength" time="0.003"/>
  <testcase classname="com.employeeapi.TestCases.TC001_GetAllEmployees" name="checkContentEncoding" time="0.005"/>
  <testcase classname="com.employeeapi.TestCases.TC001_GetAllEmployees" name="checkCookies" time="0.003"/>
  <testcase classname="com.employeeapi.TestCases.TC001_GetAllEmployees" name="checkResponseTime" time="0.002"/>
  <testcase classname="com.employeeapi.TestCases.TC001_GetAllEmployees" name="checkStatusCode" time="0.001"/>
  <testcase classname="com.employeeapi.TestCases.TC001_GetAllEmployees" name="checkContentType" time="0.003"/>
</testsuite> <!-- com.employeeapi.TestCases.TC001_GetAllEmployees -->
