<?xml version="1.0" encoding="UTF-8"?>
<!-- Generated by org.testng.reporters.JUnitReportReporter -->
<testsuite hostname="ubuntu-HP-250-G7-Notebook-PC" failures="0" tests="4" name="com.employeeapi.TestCases.TC003_PostEmployeeRecord" time="0.005" errors="0" timestamp="2020-01-14T14:55:10 IST" skipped="0">
  <testcase classname="com.employeeapi.TestCases.TC003_PostEmployeeRecord" name="checkResponseBody" time="0.002"/>
  <testcase classname="com.employeeapi.TestCases.TC003_PostEmployeeRecord" name="checkServerType" time="0.001"/>
  <testcase classname="com.employeeapi.TestCases.TC003_PostEmployeeRecord" name="checkContentType" time="0.001"/>
  <testcase classname="com.employeeapi.TestCases.TC003_PostEmployeeRecord" name="checkStatusCode" time="0.001"/>
</testsuite> <!-- com.employeeapi.TestCases.TC003_PostEmployeeRecord -->
