<?xml version="1.0" encoding="UTF-8"?>
<!-- Generated by org.testng.reporters.JUnitReportReporter -->
<testsuite hostname="ubuntu-HP-250-G7-Notebook-PC" failures="0" tests="1" name="TC005_ValidateJSONResponseBody" time="1.554" errors="0" timestamp="2020-01-09T18:48:16 IST" skipped="0">
  <testcase classname="TC005_ValidateJSONResponseBody" name="getWeatherDetails" time="1.554"/>
</testsuite> <!-- TC005_ValidateJSONResponseBody -->
