<?xml version="1.0" encoding="UTF-8"?>
<!-- Generated by org.testng.reporters.JUnitReportReporter -->
<testsuite hostname="ubuntu-HP-250-G7-Notebook-PC" failures="0" tests="1" name="TC002_Post_Request" time="1.795" errors="0" timestamp="2020-01-09T13:36:26 IST" skipped="0">
  <testcase classname="TC002_Post_Request" name="RegistrationSuccessful" time="1.795"/>
</testsuite> <!-- TC002_Post_Request -->
