<?xml version="1.0" encoding="UTF-8"?>
<!-- Generated by org.testng.reporters.JUnitReportReporter -->
<testsuite hostname="ubuntu-HP-250-G7-Notebook-PC" failures="0" tests="4" name="dataDrivenTesting.AddNewEmployees" time="4.276" errors="0" timestamp="2020-01-13T11:49:06 IST" skipped="0">
  <testcase classname="dataDrivenTesting.AddNewEmployees" name="addNewEmployees" time="1.869"/>
  <testcase classname="dataDrivenTesting.AddNewEmployees" name="addNewEmployees" time="0.787"/>
  <testcase classname="dataDrivenTesting.AddNewEmployees" name="addNewEmployees" time="0.778"/>
  <testcase classname="dataDrivenTesting.AddNewEmployees" name="addNewEmployees" time="0.842"/>
</testsuite> <!-- dataDrivenTesting.AddNewEmployees -->
