<?xml version="1.0" encoding="UTF-8"?>
<!-- Generated by org.testng.reporters.JUnitReportReporter -->
<testsuite hostname="ubuntu-HP-250-G7-Notebook-PC" failures="0" tests="1" name="TC_003_Get_Request" time="1.479" errors="0" timestamp="2020-01-09T14:38:24 IST" skipped="0">
  <testcase classname="TC_003_Get_Request" name="googleMapTest" time="1.479"/>
</testsuite> <!-- TC_003_Get_Request -->
