<?xml version="1.0" encoding="UTF-8"?>
<!-- Generated by org.testng.reporters.JUnitReportReporter -->
<testsuite hostname="ubuntu-HP-250-G7-Notebook-PC" failures="0" tests="1" name="TC007_Get_Authorisation" time="1.387" errors="0" timestamp="2020-01-09T19:36:29 IST" skipped="0">
  <testcase classname="TC007_Get_Authorisation" name="authorizationTest" time="1.387"/>
</testsuite> <!-- TC007_Get_Authorisation -->
