<?xml version="1.0" encoding="UTF-8"?>
<!-- Generated by org.testng.reporters.JUnitReportReporter -->
<testsuite hostname="ubuntu-HP-250-G7-Notebook-PC" failures="0" tests="1" name="TC006_VerifyAllFieldsOfResponse" time="1.774" errors="0" timestamp="2020-01-09T19:13:49 IST" skipped="0">
  <testcase classname="TC006_VerifyAllFieldsOfResponse" name="getWeatherDetails" time="1.774"/>
</testsuite> <!-- TC006_VerifyAllFieldsOfResponse -->
