<?xml version="1.0" encoding="UTF-8"?>
<!-- Generated by org.testng.reporters.JUnitReportReporter -->
<testsuite hostname="ubuntu-HP-250-G7-Notebook-PC" failures="0" tests="1" name="TC004_Get_PrintAllHeaders" time="1.997" errors="0" timestamp="2020-01-09T18:06:10 IST" skipped="0">
  <testcase classname="TC004_Get_PrintAllHeaders" name="getWeatherDetails" time="1.997"/>
</testsuite> <!-- TC004_Get_PrintAllHeaders -->
