<?xml version="1.0" encoding="UTF-8"?>
<!-- Generated by org.testng.reporters.JUnitReportReporter -->
<testsuite hostname="ubuntu-HP-250-G7-Notebook-PC" failures="0" tests="1" name="TC001_Get_Request" time="1.760" errors="0" timestamp="2020-01-09T13:09:27 IST" skipped="0">
  <testcase classname="TC001_Get_Request" name="getWeatherDetails" time="1.760"/>
</testsuite> <!-- TC001_Get_Request -->
